[Licensing::Module] Trying to connect to existing licensing client channel...
Built from '6000.3/staging' branch; Version is '6000.3.11f1 (3000ef702840) revision 3145967'; Using compiler version '194234433'; Build Type 'Release'
OS: 'Windows 11  (10.0.26200) Professional' Language: 'de' Physical Memory: 32042 MB
BatchMode: 1, IsHumanControllingUs: 0, StartBugReporterOnCrash: 0, Is64bit: 1
[Licensing::IpcConnector] Successfully connected to: "LicenseClient-Nikola" at "2026-05-11T06:47:52.5325414Z"
System  architecture: x64
Process architecture: x64
Date: 2026-05-11T06:47:52Z

COMMAND LINE ARGUMENTS:
C:\Program Files\Unity\Hub\Editor\6000.3.11f1\Editor\Unity.exe
-adb2
-batchMode
-noUpm
-name
AssetImportWorker4
-projectPath
C:/Users/Nikola/Documents/Creative Coding/11052026/CreativeCoding
-logFile
Logs/AssetImportWorker4.log
-srvPort
56035
-licensingIpc
LicenseClient-Nikola
-job-worker-count
7
-background-job-worker-count
8
-gc-helper-count
1
-name
AssetImport
Successfully changed project path to: C:/Users/Nikola/Documents/Creative Coding/11052026/CreativeCoding
C:/Users/Nikola/Documents/Creative Coding/11052026/CreativeCoding
[UnityMemory] Configuration Parameters - Can be set up in boot.config
    "memorysetup-temp-allocator-size-nav-mesh-worker=65536"
    "memorysetup-temp-allocator-size-audio-worker=65536"
    "memorysetup-temp-allocator-size-gfx=262144"
    "memorysetup-allocator-temp-initial-block-size-main=262144"
    "memorysetup-allocator-temp-initial-block-size-worker=262144"
    "memorysetup-temp-allocator-size-background-worker=32768"
    "memorysetup-temp-allocator-size-job-worker=262144"
    "memorysetup-temp-allocator-size-preload-manager=33554432"
    "memorysetup-temp-allocator-size-gi-baking-worker=262144"
    "memorysetup-temp-allocator-size-gi-baking-worker=262144"
    "memorysetup-temp-allocator-size-gi-baking-worker=262144"
    "memorysetup-temp-allocator-size-gi-baking-worker=262144"
    "memorysetup-temp-allocator-size-gi-baking-worker=262144"
    "memorysetup-bucket-allocator-granularity=16"
    "memorysetup-bucket-allocator-bucket-count=8"
    "memorysetup-bucket-allocator-block-size=33554432"
    "memorysetup-bucket-allocator-block-count=8"
    "memorysetup-main-allocator-block-size=16777216"
    "memorysetup-thread-allocator-block-size=16777216"
    "memorysetup-gfx-main-allocator-block-size=16777216"
    "memorysetup-gfx-thread-allocator-block-size=16777216"
    "memorysetup-cache-allocator-block-size=4194304"
    "memorysetup-typetree-allocator-block-size=2097152"
    "memorysetup-profiler-bucket-allocator-granularity=16"
    "memorysetup-profiler-bucket-allocator-bucket-count=8"
    "memorysetup-profiler-bucket-allocator-block-size=33554432"
    "memorysetup-profiler-bucket-allocator-block-count=8"
    "memorysetup-profiler-allocator-block-size=16777216"
    "memorysetup-profiler-editor-allocator-block-size=1048576"
    "memorysetup-temp-allocator-size-main=16777216"
    "memorysetup-job-temp-allocator-block-size=2097152"
    "memorysetup-job-temp-allocator-block-size-background=1048576"
    "memorysetup-job-temp-allocator-reduction-small-platforms=262144"
    "memorysetup-temp-allocator-size-cloud-worker=32768"
Player connection [22588]  Target information:

Player connection [22588]  * "[IP] 192.168.178.90 [Port] 0 [Flags] 2 [Guid] 2865363509 [EditorId] 2865363509 [Version] 1048832 [Id] WindowsEditor(7,Nikolas-Laptop) [Debug] 1 [PackageName] WindowsEditor [ProjectName] Editor" 

Player connection [22588] Host joined multi-casting on [225.0.0.222:54997]...
Player connection [22588] Host joined alternative multi-casting on [225.0.0.222:34997]...
JobSystem: Creating JobQueue using job-worker-count value 7
Input System module state changed to: Initialized.
[Physics::Module] Initialized fallback backend.
[Physics::Module] Id: 0xdecafbad
Library Redirect Path: Library/
[Physics::Module] Selected backend.
[Physics::Module] Name: PhysX
[Physics::Module] Id: 0xf2b8ea05
[Physics::Module] SDK Version: 4.1.2
[Physics::Module] Integration Version: 1.0.0
[Physics::Module] Threading Mode: Multi-Threaded
Refreshing native plugins compatible for Editor in 3.92 ms, found 3 plugins.
Preloading 0 native plugins for Editor in 0.00 ms.
Initialize engine version: 6000.3.11f1 (3000ef702840)
[Subsystems] Discovering subsystems at path C:/Program Files/Unity/Hub/Editor/6000.3.11f1/Editor/Data/Resources/UnitySubsystems
[Subsystems] Discovering subsystems at path C:/Users/Nikola/Documents/Creative Coding/11052026/CreativeCoding/Assets
GfxDevice: creating device client; kGfxThreadingModeNonThreaded
Direct3D:
    Version:  Direct3D 11.0 [level 11.1]
    Renderer: NVIDIA GeForce RTX 5060 Laptop GPU (ID=0x2d19)
    Vendor:   NVIDIA
    VRAM:     7899 MB
    Driver:   32.0.15.9579
Initialize mono
Mono path[0] = 'C:/Program Files/Unity/Hub/Editor/6000.3.11f1/Editor/Data/Managed'
Mono path[1] = 'C:/Program Files/Unity/Hub/Editor/6000.3.11f1/Editor/Data/MonoBleedingEdge/lib/mono/unityjit-win32'
Mono config path = 'C:/Program Files/Unity/Hub/Editor/6000.3.11f1/Editor/Data/MonoBleedingEdge/etc'
Using monoOptions --debugger-agent=transport=dt_socket,embedding=1,server=y,suspend=n,address=127.0.0.1:56872
Begin MonoManager ReloadAssembly
Registering precompiled unity dll's ...
Register platform support module: C:/Program Files/Unity/Hub/Editor/6000.3.11f1/Editor/Data/PlaybackEngines/WindowsStandaloneSupport/UnityEditor.WindowsStandalone.Extensions.dll
Registered in 0.001610 seconds.
[Licensing::Client] Error: HandshakeResponse reported an error:
	ResponseCode: 505
	ResponseStatus: Unsupported protocol version '1.18.0'.
[Licensing::Module] Error: Failed to handshake to channel: "LicenseClient-Nikola"
[Licensing::IpcConnector] LicenseClient-Nikola channel disconnected successfully.
[Licensing::IpcConnector] Successfully connected to: "LicenseClient-Nikola-6000.3.11" at "2026-05-11T06:47:53.5324659Z"
- Loaded All Assemblies, in  0.387 seconds
[Licensing::Client] Handshaking with LicensingClient:
  Version:                 1.18.0+23225a6
  Session Id:              aa991337edbb4da79c0242a944a52c57
  Correlation Id:          9313318863e2429d0aa54778d80b2d45
  External correlation Id: 4656597410056123319
  Machine Id:              hEQ4UhtXua1BeSNr73cKj66ktzE=
[Licensing::Module] Successfully connected to LicensingClient on channel: "LicenseClient-Nikola-6000.3.11" (connect: 0.00s, validation: 0.00s, handshake: 0.10s)
[Licensing::IpcConnector] Successfully connected to: "LicenseClient-Nikola-6000.3.11-notifications" at "2026-05-11T06:47:53.6379224Z"
[Licensing::Module] Licensing Background thread has ended after 1.11s
Native extension for WindowsStandalone target not found
Package Manager log level set to [2]
[Package Manager] Failed to launch server process. Reason: Unity was launched with the -noUpm command-line argument
[Package Manager] Unable to send message (not connected to server process).
[Package Manager] Cannot connect to Unity Package Manager local server
ScheduleIndexationOnStartup MainProcess:False IndexOnStartup:True
Mono: successfully reloaded assembly
- Finished resetting the current domain, in  0.368 seconds
Domain Reload Profiling: 753ms
	BeginReloadAssembly (121ms)
		ExecutionOrderSort (0ms)
		DisableScriptedObjects (0ms)
		BackupInstance (0ms)
		ReleaseScriptingObjects (0ms)
		CreateAndSetChildDomain (1ms)
	RebuildCommonClasses (36ms)
	RebuildNativeTypeToScriptingClass (11ms)
	initialDomainReloadingComplete (45ms)
	LoadAllAssembliesAndSetupDomain (171ms)
		LoadAssemblies (118ms)
		RebuildTransferFunctionScriptingTraits (0ms)
		AnalyzeDomain (168ms)
			TypeCache.Refresh (165ms)
				TypeCache.ScanAssembly (150ms)
			BuildScriptInfoCaches (0ms)
			ResolveRequiredComponents (1ms)
	FinalizeReload (368ms)
		ReleaseScriptCaches (0ms)
		RebuildScriptCaches (0ms)
		SetupLoadedEditorAssemblies (305ms)
			LogAssemblyErrors (0ms)
			InitializePlatformSupportModulesInManaged (57ms)
			SetLoadedEditorAssemblies (5ms)
			BeforeProcessingInitializeOnLoad (75ms)
			ProcessInitializeOnLoadAttributes (104ms)
			ProcessInitializeOnLoadMethodAttributes (65ms)
			AfterProcessingInitializeOnLoad (0ms)
			EditorAssembliesLoaded (0ms)
		ExecutionOrderSort2 (0ms)
		AwakeInstancesAfterBackupRestoration (0ms)
========================================================================
Worker process is ready to serve import requests
Import Worker Mode flag is 0x00
Begin MonoManager ReloadAssembly
[Licensing::Client] Successfully resolved entitlement details
[Licensing::Module] License group:
  Id: 9072318219210-UnityPersXXXX
  Product: Unity Personal
  Type: Assigned
  Expiration: Unlimited
- Loaded All Assemblies, in  0.730 seconds
Refreshing native plugins compatible for Editor in 0.98 ms, found 3 plugins.
Native extension for WindowsStandalone target not found
[Package Manager] Failed to launch server process. Reason: Unity was launched with the -noUpm command-line argument
[Package Manager] Unable to send message (not connected to server process).
[Package Manager] Cannot connect to Unity Package Manager local server
[Package Manager] Failed to launch server process. Reason: Unity was launched with the -noUpm command-line argument
[Package Manager] Unable to send message (not connected to server process).
[Package Manager] Cannot connect to Unity Package Manager local server
[MODES] ModeService[none].Initialize
[MODES] ModeService[none].LoadModes
[MODES] Loading mode Default (0) for mode-current-id-Factory Flow
ScheduleIndexationOnStartup MainProcess:False IndexOnStartup:True
Mono: successfully reloaded assembly
- Finished resetting the current domain, in  0.721 seconds
Domain Reload Profiling: 1448ms
	BeginReloadAssembly (159ms)
		ExecutionOrderSort (0ms)
		DisableScriptedObjects (5ms)
		BackupInstance (0ms)
		ReleaseScriptingObjects (0ms)
		CreateAndSetChildDomain (40ms)
	RebuildCommonClasses (29ms)
	RebuildNativeTypeToScriptingClass (9ms)
	initialDomainReloadingComplete (29ms)
	LoadAllAssembliesAndSetupDomain (500ms)
		LoadAssemblies (329ms)
		RebuildTransferFunctionScriptingTraits (0ms)
		AnalyzeDomain (244ms)
			TypeCache.Refresh (168ms)
				TypeCache.ScanAssembly (155ms)
			BuildScriptInfoCaches (62ms)
			ResolveRequiredComponents (9ms)
	FinalizeReload (722ms)
		ReleaseScriptCaches (0ms)
		RebuildScriptCaches (0ms)
		SetupLoadedEditorAssemblies (533ms)
			LogAssemblyErrors (0ms)
			InitializePlatformSupportModulesInManaged (2ms)
			SetLoadedEditorAssemblies (3ms)
			BeforeProcessingInitializeOnLoad (126ms)
			ProcessInitializeOnLoadAttributes (304ms)
			ProcessInitializeOnLoadMethodAttributes (94ms)
			AfterProcessingInitializeOnLoad (3ms)
			EditorAssembliesLoaded (0ms)
		ExecutionOrderSort2 (0ms)
		AwakeInstancesAfterBackupRestoration (5ms)
Launched and connected shader compiler UnityShaderCompiler.exe after 0.01 seconds
Refreshing native plugins compatible for Editor in 0.54 ms, found 3 plugins.
Preloading 0 native plugins for Editor in 0.00 ms.
Unloading 17 Unused Serialized files (Serialized files now loaded: 0)
Unloading 6583 unused Assets / (4.6 MB). Loaded Objects now: 7418.
Memory consumption went from 155.2 MB to 150.6 MB.
Total: 10.568600 ms (FindLiveObjects: 1.257300 ms CreateObjectMapping: 0.979800 ms MarkObjects: 5.641500 ms  DeleteObjects: 2.688000 ms)

========================================================================
Received Import Request.
  Time since last request: 2833.187787 seconds.
  path: Assets/Models/OBJ_Robot.obj
  artifactKey: Guid(516441092cb147b4e947bc15c649f552) Importer(815301076,1909f56bfc062723c751e8b465ee728b)
Start importing Assets/Models/OBJ_Robot.obj using Guid(516441092cb147b4e947bc15c649f552) Importer(815301076,1909f56bfc062723c751e8b465ee728b) (PreviewImporter) -> (artifact id: 'cb7e64ccf1931d03730fdd28e8d81865') in 0.7575011 seconds
Number of updated asset objects reloaded before import = 0Number of asset objects unloaded after import = 58

========================================================================
Received Import Request.
  Time since last request: 0.000047 seconds.
  path: Assets/Models/Product.prefab
  artifactKey: Guid(d8f48e542acc63a4faaa82f05347f178) Importer(815301076,1909f56bfc062723c751e8b465ee728b)
Start importing Assets/Models/Product.prefab using Guid(d8f48e542acc63a4faaa82f05347f178) Importer(815301076,1909f56bfc062723c751e8b465ee728b) (PreviewImporter) -> (artifact id: 'cfca33fa9caf6cd622c5c12e4c39cc64') in 0.0186753 seconds
Number of updated asset objects reloaded before import = 0Number of asset objects unloaded after import = 9

========================================================================
Received Import Request.
  Time since last request: 0.000041 seconds.
  path: Assets/Models/WallDoorR.prefab
  artifactKey: Guid(73349a5084371054c88e240d1d5a3b6c) Importer(815301076,1909f56bfc062723c751e8b465ee728b)
Start importing Assets/Models/WallDoorR.prefab using Guid(73349a5084371054c88e240d1d5a3b6c) Importer(815301076,1909f56bfc062723c751e8b465ee728b) (PreviewImporter) -> (artifact id: 'bea372118c5aa5aaf1680c89f6939df7') in 3.7101301 seconds
Number of updated asset objects reloaded before import = 0Number of asset objects unloaded after import = 10

========================================================================
Received Import Request.
  Time since last request: 27.887947 seconds.
  path: Assets/Imported Stuff/DavidJalbert/LowPolyPeople/Prefabs
  artifactKey: Guid(6e12f3f09e5de334c8de76cee6ec1731) Importer(815301076,1909f56bfc062723c751e8b465ee728b)
Start importing Assets/Imported Stuff/DavidJalbert/LowPolyPeople/Prefabs using Guid(6e12f3f09e5de334c8de76cee6ec1731) Importer(815301076,1909f56bfc062723c751e8b465ee728b) (PreviewImporter) -> (artifact id: 'f15f1a0318b75dec860ef3429ac90729') in 0.0037013 seconds
Number of updated asset objects reloaded before import = 0Number of asset objects unloaded after import = 0

========================================================================
Received Import Request.
  Time since last request: 0.713571 seconds.
  path: Assets/Imported Stuff/DavidJalbert/LowPolyPeople/FBX
  artifactKey: Guid(a410996c4d5d6df49943bd50eaf7d75b) Importer(815301076,1909f56bfc062723c751e8b465ee728b)
Start importing Assets/Imported Stuff/DavidJalbert/LowPolyPeople/FBX using Guid(a410996c4d5d6df49943bd50eaf7d75b) Importer(815301076,1909f56bfc062723c751e8b465ee728b) (PreviewImporter) -> (artifact id: 'dd8b5ce45816d21aedf2df079599848d') in 0.0007679 seconds
Number of updated asset objects reloaded before import = 0Number of asset objects unloaded after import = 0

========================================================================
Received Import Request.
  Time since last request: 0.929829 seconds.
  path: Assets/Imported Stuff/DavidJalbert/LowPolyPeople/FBX/normal-man-a.fbx
  artifactKey: Guid(2165616b63aca644c8983f129c8a6fc6) Importer(815301076,1909f56bfc062723c751e8b465ee728b)
Start importing Assets/Imported Stuff/DavidJalbert/LowPolyPeople/FBX/normal-man-a.fbx using Guid(2165616b63aca644c8983f129c8a6fc6) Importer(815301076,1909f56bfc062723c751e8b465ee728b) (PreviewImporter) -> (artifact id: '5e3e2c51379e037ed799b22cbfa4e509') in 0.0908613 seconds
Number of updated asset objects reloaded before import = 0Number of asset objects unloaded after import = 62

========================================================================
Received Import Request.
  Time since last request: 0.000027 seconds.
  path: Assets/Imported Stuff/DavidJalbert/LowPolyPeople/FBX/stout-man-c.fbx
  artifactKey: Guid(25c8b59e7b2a3c245947c2145611fd7d) Importer(815301076,1909f56bfc062723c751e8b465ee728b)
Start importing Assets/Imported Stuff/DavidJalbert/LowPolyPeople/FBX/stout-man-c.fbx using Guid(25c8b59e7b2a3c245947c2145611fd7d) Importer(815301076,1909f56bfc062723c751e8b465ee728b) (PreviewImporter) -> (artifact id: '0b45617328a25805f2b86a88d15755f7') in 0.0510138 seconds
Number of updated asset objects reloaded before import = 0Number of asset objects unloaded after import = 62

========================================================================
Received Import Request.
  Time since last request: 0.000044 seconds.
  path: Assets/Imported Stuff/DavidJalbert/LowPolyPeople/FBX/strong-woman-b.fbx
  artifactKey: Guid(8192e40207e9cb146a4ec75a26d31a99) Importer(815301076,1909f56bfc062723c751e8b465ee728b)
Start importing Assets/Imported Stuff/DavidJalbert/LowPolyPeople/FBX/strong-woman-b.fbx using Guid(8192e40207e9cb146a4ec75a26d31a99) Importer(815301076,1909f56bfc062723c751e8b465ee728b) (PreviewImporter) -> (artifact id: '48b32e33572ab4f1f07adae1dbe61b87') in 0.0470371 seconds
Number of updated asset objects reloaded before import = 0Number of asset objects unloaded after import = 62

========================================================================
Received Import Request.
  Time since last request: 0.000022 seconds.
  path: Assets/Imported Stuff/DavidJalbert/LowPolyPeople/FBX/normal-woman-b.fbx
  artifactKey: Guid(15a125bdadec28c469e2a8964e8ca130) Importer(815301076,1909f56bfc062723c751e8b465ee728b)
Start importing Assets/Imported Stuff/DavidJalbert/LowPolyPeople/FBX/normal-woman-b.fbx using Guid(15a125bdadec28c469e2a8964e8ca130) Importer(815301076,1909f56bfc062723c751e8b465ee728b) (PreviewImporter) -> (artifact id: 'eb2bc43f9eb0bc7ce0d7aae94ee97069') in 0.0234381 seconds
Number of updated asset objects reloaded before import = 0Number of asset objects unloaded after import = 62

========================================================================
Received Import Request.
  Time since last request: 0.000020 seconds.
  path: Assets/Imported Stuff/DavidJalbert/LowPolyPeople/FBX/strong-man-b.fbx
  artifactKey: Guid(9f5275d6d399fa548924eb1e4356ceea) Importer(815301076,1909f56bfc062723c751e8b465ee728b)
Start importing Assets/Imported Stuff/DavidJalbert/LowPolyPeople/FBX/strong-man-b.fbx using Guid(9f5275d6d399fa548924eb1e4356ceea) Importer(815301076,1909f56bfc062723c751e8b465ee728b) (PreviewImporter) -> (artifact id: '73658ff48f0e901c38f175df46bf92ba') in 0.0201438 seconds
Number of updated asset objects reloaded before import = 0Number of asset objects unloaded after import = 62

========================================================================
Received Import Request.
  Time since last request: 28.858772 seconds.
  path: Assets/Imported Stuff/DavidJalbert/LowPolyPeople/FBX/stout-man-c.fbx
  artifactKey: Guid(25c8b59e7b2a3c245947c2145611fd7d) Importer(815301076,1909f56bfc062723c751e8b465ee728b)
Start importing Assets/Imported Stuff/DavidJalbert/LowPolyPeople/FBX/stout-man-c.fbx using Guid(25c8b59e7b2a3c245947c2145611fd7d) Importer(815301076,1909f56bfc062723c751e8b465ee728b) (PreviewImporter) -> (artifact id: '15f053de7c8544198a2fb9be21f4d843') in 0.0232899 seconds
Number of updated asset objects reloaded before import = 0Number of asset objects unloaded after import = 64

========================================================================
Received Import Request.
  Time since last request: 6.157631 seconds.
  path: Assets/Material/Blue.mat
  artifactKey: Guid(e082cf0bbcb7b1745a73ca5d54e34f42) Importer(815301076,1909f56bfc062723c751e8b465ee728b)
Start importing Assets/Material/Blue.mat using Guid(e082cf0bbcb7b1745a73ca5d54e34f42) Importer(815301076,1909f56bfc062723c751e8b465ee728b) (PreviewImporter) -> (artifact id: 'd712ff02553ad90eccd489a42ac9ef67') in 0.021062 seconds
Number of updated asset objects reloaded before import = 0Number of asset objects unloaded after import = 1

========================================================================
Received Import Request.
  Time since last request: 0.000045 seconds.
  path: Assets/Material/M_Machn_Conveyor.mat
  artifactKey: Guid(5f14aa85b9deb224293ef37c465a3667) Importer(815301076,1909f56bfc062723c751e8b465ee728b)
Start importing Assets/Material/M_Machn_Conveyor.mat using Guid(5f14aa85b9deb224293ef37c465a3667) Importer(815301076,1909f56bfc062723c751e8b465ee728b) (PreviewImporter) -> (artifact id: '65e9d20553efc4c0fb50f169403d672e') in 0.0183844 seconds
Number of updated asset objects reloaded before import = 0Number of asset objects unloaded after import = 1

========================================================================
Received Import Request.
  Time since last request: 0.000034 seconds.
  path: Assets/Material/M_Texture.mat
  artifactKey: Guid(facb130459210ef479fd51615e963dc7) Importer(815301076,1909f56bfc062723c751e8b465ee728b)
Start importing Assets/Material/M_Texture.mat using Guid(facb130459210ef479fd51615e963dc7) Importer(815301076,1909f56bfc062723c751e8b465ee728b) (PreviewImporter) -> (artifact id: '6c27ec268e219a72c4a0f9f9d1de065b') in 0.0193966 seconds
Number of updated asset objects reloaded before import = 0Number of asset objects unloaded after import = 2

========================================================================
Received Import Request.
  Time since last request: 0.000051 seconds.
  path: Assets/Material/New Material.mat
  artifactKey: Guid(e49900f1ccbe35649a10cbfdea1f3830) Importer(815301076,1909f56bfc062723c751e8b465ee728b)
Start importing Assets/Material/New Material.mat using Guid(e49900f1ccbe35649a10cbfdea1f3830) Importer(815301076,1909f56bfc062723c751e8b465ee728b) (PreviewImporter) -> (artifact id: '878b36e1471a9bb3be91f088f148db21') in 0.0198586 seconds
Number of updated asset objects reloaded before import = 0Number of asset objects unloaded after import = 1

========================================================================
Received Import Request.
  Time since last request: 0.000041 seconds.
  path: Assets/Material/M_Pack2.mat
  artifactKey: Guid(477de86e387cb3d4393cbb563311de24) Importer(815301076,1909f56bfc062723c751e8b465ee728b)
Start importing Assets/Material/M_Pack2.mat using Guid(477de86e387cb3d4393cbb563311de24) Importer(815301076,1909f56bfc062723c751e8b465ee728b) (PreviewImporter) -> (artifact id: 'a06deb7838003dba3a3e967f1e8368e4') in 0.0221205 seconds
Number of updated asset objects reloaded before import = 0Number of asset objects unloaded after import = 2

========================================================================
Received Import Request.
  Time since last request: 0.000053 seconds.
  path: Assets/Material/New Material 1.mat
  artifactKey: Guid(27ff5a61eda22d343beccbe9b1997433) Importer(815301076,1909f56bfc062723c751e8b465ee728b)
Start importing Assets/Material/New Material 1.mat using Guid(27ff5a61eda22d343beccbe9b1997433) Importer(815301076,1909f56bfc062723c751e8b465ee728b) (PreviewImporter) -> (artifact id: '2254b67eb770bd7b7ca40ba4d5555a52') in 0.0210068 seconds
Number of updated asset objects reloaded before import = 0Number of asset objects unloaded after import = 1

========================================================================
Received Import Request.
  Time since last request: 8.547975 seconds.
  path: Assets/Textures/Arrow.png
  artifactKey: Guid(708a43fcfb7c5284c8bf1e15f82cb2ea) Importer(815301076,1909f56bfc062723c751e8b465ee728b)
Start importing Assets/Textures/Arrow.png using Guid(708a43fcfb7c5284c8bf1e15f82cb2ea) Importer(815301076,1909f56bfc062723c751e8b465ee728b) (PreviewImporter) -> (artifact id: 'a328f8c3cda7bbc53e1df4187fd71c8a') in 0.0342791 seconds
Number of updated asset objects reloaded before import = 0Number of asset objects unloaded after import = 3

========================================================================
Received Import Request.
  Time since last request: 0.000039 seconds.
  path: Assets/Textures/palette6.png
  artifactKey: Guid(2db5d9445d5e4c54e996423ba1e3b480) Importer(815301076,1909f56bfc062723c751e8b465ee728b)
Start importing Assets/Textures/palette6.png using Guid(2db5d9445d5e4c54e996423ba1e3b480) Importer(815301076,1909f56bfc062723c751e8b465ee728b) (PreviewImporter) -> (artifact id: '9cda82ea645d02fd09e4ad5fbc1d3204') in 0.0136408 seconds
Number of updated asset objects reloaded before import = 0Number of asset objects unloaded after import = 2

========================================================================
Received Import Request.
  Time since last request: 0.000025 seconds.
  path: Assets/Textures/Tile 1.png
  artifactKey: Guid(7c08060e44a838b4e9de400342b1d577) Importer(815301076,1909f56bfc062723c751e8b465ee728b)
Start importing Assets/Textures/Tile 1.png using Guid(7c08060e44a838b4e9de400342b1d577) Importer(815301076,1909f56bfc062723c751e8b465ee728b) (PreviewImporter) -> (artifact id: '1036b55094bccf9117b7bb6da6854912') in 0.0187283 seconds
Number of updated asset objects reloaded before import = 0Number of asset objects unloaded after import = 2

========================================================================
Received Import Request.
  Time since last request: 0.000027 seconds.
  path: Assets/Textures/palette4.png
  artifactKey: Guid(7370a890bdcb4884c95a7c3daeb52f55) Importer(815301076,1909f56bfc062723c751e8b465ee728b)
Start importing Assets/Textures/palette4.png using Guid(7370a890bdcb4884c95a7c3daeb52f55) Importer(815301076,1909f56bfc062723c751e8b465ee728b) (PreviewImporter) -> (artifact id: '4f55d1995438da0b9bbf3a246b5271b1') in 0.0185574 seconds
Number of updated asset objects reloaded before import = 0Number of asset objects unloaded after import = 2

========================================================================
Received Prepare
Begin MonoManager ReloadAssembly
[Licensing::Client] Successfully resolved entitlement details
- Loaded All Assemblies, in  0.581 seconds
Refreshing native plugins compatible for Editor in 0.67 ms, found 3 plugins.
Native extension for WindowsStandalone target not found
[Package Manager] Failed to launch server process. Reason: Unity was launched with the -noUpm command-line argument
[Package Manager] Unable to send message (not connected to server process).
[Package Manager] Cannot connect to Unity Package Manager local server
[Package Manager] Failed to launch server process. Reason: Unity was launched with the -noUpm command-line argument
[Package Manager] Unable to send message (not connected to server process).
[Package Manager] Cannot connect to Unity Package Manager local server
[MODES] ModeService[none].Initialize
[MODES] ModeService[none].LoadModes
ScheduleIndexationOnStartup MainProcess:False IndexOnStartup:True
Mono: successfully reloaded assembly
- Finished resetting the current domain, in  0.527 seconds
Domain Reload Profiling: 1109ms
	BeginReloadAssembly (195ms)
		ExecutionOrderSort (0ms)
		DisableScriptedObjects (21ms)
		BackupInstance (0ms)
		ReleaseScriptingObjects (0ms)
		CreateAndSetChildDomain (60ms)
	RebuildCommonClasses (25ms)
	RebuildNativeTypeToScriptingClass (9ms)
	initialDomainReloadingComplete (18ms)
	LoadAllAssembliesAndSetupDomain (335ms)
		LoadAssemblies (239ms)
		RebuildTransferFunctionScriptingTraits (0ms)
		AnalyzeDomain (156ms)
			TypeCache.Refresh (4ms)
				TypeCache.ScanAssembly (0ms)
			BuildScriptInfoCaches (141ms)
			ResolveRequiredComponents (7ms)
	FinalizeReload (527ms)
		ReleaseScriptCaches (0ms)
		RebuildScriptCaches (0ms)
		SetupLoadedEditorAssemblies (399ms)
			LogAssemblyErrors (0ms)
			InitializePlatformSupportModulesInManaged (1ms)
			SetLoadedEditorAssemblies (2ms)
			BeforeProcessingInitializeOnLoad (95ms)
			ProcessInitializeOnLoadAttributes (226ms)
			ProcessInitializeOnLoadMethodAttributes (71ms)
			AfterProcessingInitializeOnLoad (4ms)
			EditorAssembliesLoaded (0ms)
		ExecutionOrderSort2 (0ms)
		AwakeInstancesAfterBackupRestoration (17ms)
Refreshing native plugins compatible for Editor in 0.84 ms, found 3 plugins.
Preloading 0 native plugins for Editor in 0.00 ms.
Unloading 17 Unused Serialized files (Serialized files now loaded: 0)
Unloading 6582 unused Assets / (4.5 MB). Loaded Objects now: 7507.
Memory consumption went from 169.7 MB to 165.2 MB.
Total: 10.729800 ms (FindLiveObjects: 0.998000 ms CreateObjectMapping: 0.789700 ms MarkObjects: 6.029000 ms  DeleteObjects: 2.910800 ms)

Prepare: number of updated asset objects reloaded= 0
========================================================================
Received Import Request.
  Time since last request: 51.810508 seconds.
  path: Assets/Animations/WorkerAnimation.controller
  artifactKey: Guid(0eb2f2d95af93d84a8aacf5b84838a72) Importer(815301076,1909f56bfc062723c751e8b465ee728b)
Start importing Assets/Animations/WorkerAnimation.controller using Guid(0eb2f2d95af93d84a8aacf5b84838a72) Importer(815301076,1909f56bfc062723c751e8b465ee728b) (PreviewImporter) -> (artifact id: '3900f01cb7df730da06a37c969cd0569') in 0.0208261 seconds
Number of updated asset objects reloaded before import = 0Number of asset objects unloaded after import = 4

========================================================================
Received Import Request.
  Time since last request: 50.647046 seconds.
  path: Assets/Imported Stuff/DavidJalbert/LowPolyPeople/Prefabs/normal man a.prefab
  artifactKey: Guid(3625b8aaa69cde2449bff0b4bc37913b) Importer(815301076,1909f56bfc062723c751e8b465ee728b)
Start importing Assets/Imported Stuff/DavidJalbert/LowPolyPeople/Prefabs/normal man a.prefab using Guid(3625b8aaa69cde2449bff0b4bc37913b) Importer(815301076,1909f56bfc062723c751e8b465ee728b) (PreviewImporter) -> (artifact id: '0bb132a5383f079657de8163464ee13b') in 0.3816729 seconds
Number of updated asset objects reloaded before import = 0Number of asset objects unloaded after import = 126

========================================================================
Received Import Request.
  Time since last request: 0.000025 seconds.
  path: Assets/Imported Stuff/DavidJalbert/LowPolyPeople/Prefabs/strong woman b.prefab
  artifactKey: Guid(d22ae6c998fdcfd4d8072fad0f4058bb) Importer(815301076,1909f56bfc062723c751e8b465ee728b)
Start importing Assets/Imported Stuff/DavidJalbert/LowPolyPeople/Prefabs/strong woman b.prefab using Guid(d22ae6c998fdcfd4d8072fad0f4058bb) Importer(815301076,1909f56bfc062723c751e8b465ee728b) (PreviewImporter) -> (artifact id: '1f12c73f71b17fa0e74d87a07841a15e') in 0.0208431 seconds
Number of updated asset objects reloaded before import = 0Number of asset objects unloaded after import = 126

========================================================================
Received Import Request.
  Time since last request: 0.000044 seconds.
  path: Assets/Imported Stuff/DavidJalbert/LowPolyPeople/Prefabs/strong man c.prefab
  artifactKey: Guid(65715c24c975a454cac9fb6ba576d8a6) Importer(815301076,1909f56bfc062723c751e8b465ee728b)
Start importing Assets/Imported Stuff/DavidJalbert/LowPolyPeople/Prefabs/strong man c.prefab using Guid(65715c24c975a454cac9fb6ba576d8a6) Importer(815301076,1909f56bfc062723c751e8b465ee728b) (PreviewImporter) -> (artifact id: 'd0dff8321454192f3aabd6b81913b383') in 0.0235425 seconds
Number of updated asset objects reloaded before import = 0Number of asset objects unloaded after import = 126

========================================================================
Received Import Request.
  Time since last request: 0.000029 seconds.
  path: Assets/Imported Stuff/DavidJalbert/LowPolyPeople/Prefabs/stout woman c.prefab
  artifactKey: Guid(8c63c2444bb17774a8c2a25fd87ae63b) Importer(815301076,1909f56bfc062723c751e8b465ee728b)
Start importing Assets/Imported Stuff/DavidJalbert/LowPolyPeople/Prefabs/stout woman c.prefab using Guid(8c63c2444bb17774a8c2a25fd87ae63b) Importer(815301076,1909f56bfc062723c751e8b465ee728b) (PreviewImporter) -> (artifact id: 'a66e751d555749b23b0d453df4e29211') in 0.0186434 seconds
Number of updated asset objects reloaded before import = 0Number of asset objects unloaded after import = 126

========================================================================
Received Import Request.
  Time since last request: 0.000031 seconds.
  path: Assets/Imported Stuff/DavidJalbert/LowPolyPeople/Prefabs/normal woman c.prefab
  artifactKey: Guid(532a2fc3185beb5458e02f15f6ed2886) Importer(815301076,1909f56bfc062723c751e8b465ee728b)
Start importing Assets/Imported Stuff/DavidJalbert/LowPolyPeople/Prefabs/normal woman c.prefab using Guid(532a2fc3185beb5458e02f15f6ed2886) Importer(815301076,1909f56bfc062723c751e8b465ee728b) (PreviewImporter) -> (artifact id: '0544d3aeb6552725cf42b34d99801ce9') in 0.0175249 seconds
Number of updated asset objects reloaded before import = 0Number of asset objects unloaded after import = 126

========================================================================
Received Import Request.
  Time since last request: 0.000037 seconds.
  path: Assets/Imported Stuff/DavidJalbert/LowPolyPeople/Prefabs/normal woman a.prefab
  artifactKey: Guid(8ae6f14760063a642a1231cc1984ae09) Importer(815301076,1909f56bfc062723c751e8b465ee728b)
Start importing Assets/Imported Stuff/DavidJalbert/LowPolyPeople/Prefabs/normal woman a.prefab using Guid(8ae6f14760063a642a1231cc1984ae09) Importer(815301076,1909f56bfc062723c751e8b465ee728b) (PreviewImporter) -> (artifact id: '4b12a00ad97ea6404b64fad300fedcfc') in 0.0201983 seconds
Number of updated asset objects reloaded before import = 0Number of asset objects unloaded after import = 126

========================================================================
Received Import Request.
  Time since last request: 0.000034 seconds.
  path: Assets/Imported Stuff/DavidJalbert/LowPolyPeople/Prefabs/strong man b.prefab
  artifactKey: Guid(4e90a33f5b1393648906ce1be40f2c30) Importer(815301076,1909f56bfc062723c751e8b465ee728b)
Start importing Assets/Imported Stuff/DavidJalbert/LowPolyPeople/Prefabs/strong man b.prefab using Guid(4e90a33f5b1393648906ce1be40f2c30) Importer(815301076,1909f56bfc062723c751e8b465ee728b) (PreviewImporter) -> (artifact id: '450612320ee90a012ca7f031c6b155cf') in 0.0164248 seconds
Number of updated asset objects reloaded before import = 0Number of asset objects unloaded after import = 126

========================================================================
Received Import Request.
  Time since last request: 0.000057 seconds.
  path: Assets/Imported Stuff/DavidJalbert/LowPolyPeople/Prefabs/stout man c.prefab
  artifactKey: Guid(d65bb4016db8bce48abb258b5fa2ff61) Importer(815301076,1909f56bfc062723c751e8b465ee728b)
Start importing Assets/Imported Stuff/DavidJalbert/LowPolyPeople/Prefabs/stout man c.prefab using Guid(d65bb4016db8bce48abb258b5fa2ff61) Importer(815301076,1909f56bfc062723c751e8b465ee728b) (PreviewImporter) -> (artifact id: '1f03d21ca52d4f95b8afd84526701476') in 0.0180248 seconds
Number of updated asset objects reloaded before import = 0Number of asset objects unloaded after import = 129

========================================================================
Received Import Request.
  Time since last request: 41.724767 seconds.
  path: Assets/Imported Stuff/DavidJalbert/LowPolyPeople/FBX/stout-woman-b.fbx
  artifactKey: Guid(b9e7a7355c011594b9c66a6c571b9283) Importer(815301076,1909f56bfc062723c751e8b465ee728b)
Start importing Assets/Imported Stuff/DavidJalbert/LowPolyPeople/FBX/stout-woman-b.fbx using Guid(b9e7a7355c011594b9c66a6c571b9283) Importer(815301076,1909f56bfc062723c751e8b465ee728b) (PreviewImporter) -> (artifact id: 'a0f7330f92d82024f51cfd371ece8d04') in 0.0994207 seconds
Number of updated asset objects reloaded before import = 0Number of asset objects unloaded after import = 64

========================================================================
Received Import Request.
  Time since last request: 7.867498 seconds.
  path: Assets/Imported Stuff/DavidJalbert/LowPolyPeople/FBX/stout-woman-b.fbx
  artifactKey: Guid(b9e7a7355c011594b9c66a6c571b9283) Importer(815301076,1909f56bfc062723c751e8b465ee728b)
Start importing Assets/Imported Stuff/DavidJalbert/LowPolyPeople/FBX/stout-woman-b.fbx using Guid(b9e7a7355c011594b9c66a6c571b9283) Importer(815301076,1909f56bfc062723c751e8b465ee728b) (PreviewImporter) -> (artifact id: '3cb6be8d8e64b739e0146dcd8f708714') in 0.0227693 seconds
Number of updated asset objects reloaded before import = 0Number of asset objects unloaded after import = 64

========================================================================
Received Import Request.
  Time since last request: 4.097154 seconds.
  path: Assets/Materials/palette4.mat
  artifactKey: Guid(21d944afe211ab8459dc4215bc444d53) Importer(815301076,1909f56bfc062723c751e8b465ee728b)
Start importing Assets/Materials/palette4.mat using Guid(21d944afe211ab8459dc4215bc444d53) Importer(815301076,1909f56bfc062723c751e8b465ee728b) (PreviewImporter) -> (artifact id: '064e8198ae7f0c3e7b28457aef2504d7') in 0.0584178 seconds
Number of updated asset objects reloaded before import = 0Number of asset objects unloaded after import = 2

========================================================================
Received Prepare
Begin MonoManager ReloadAssembly
[Licensing::Client] Successfully resolved entitlement details
- Loaded All Assemblies, in  0.588 seconds
Refreshing native plugins compatible for Editor in 0.55 ms, found 3 plugins.
Native extension for WindowsStandalone target not found
[Package Manager] Failed to launch server process. Reason: Unity was launched with the -noUpm command-line argument
[Package Manager] Unable to send message (not connected to server process).
[Package Manager] Cannot connect to Unity Package Manager local server
[Package Manager] Failed to launch server process. Reason: Unity was launched with the -noUpm command-line argument
[Package Manager] Unable to send message (not connected to server process).
[Package Manager] Cannot connect to Unity Package Manager local server
[MODES] ModeService[none].Initialize
[MODES] ModeService[none].LoadModes
ScheduleIndexationOnStartup MainProcess:False IndexOnStartup:True
Mono: successfully reloaded assembly
- Finished resetting the current domain, in  0.512 seconds
Domain Reload Profiling: 1101ms
	BeginReloadAssembly (190ms)
		ExecutionOrderSort (0ms)
		DisableScriptedObjects (21ms)
		BackupInstance (0ms)
		ReleaseScriptingObjects (0ms)
		CreateAndSetChildDomain (54ms)
	RebuildCommonClasses (35ms)
	RebuildNativeTypeToScriptingClass (12ms)
	initialDomainReloadingComplete (17ms)
	LoadAllAssembliesAndSetupDomain (334ms)
		LoadAssemblies (256ms)
		RebuildTransferFunctionScriptingTraits (0ms)
		AnalyzeDomain (148ms)
			TypeCache.Refresh (4ms)
				TypeCache.ScanAssembly (0ms)
			BuildScriptInfoCaches (133ms)
			ResolveRequiredComponents (7ms)
	FinalizeReload (512ms)
		ReleaseScriptCaches (0ms)
		RebuildScriptCaches (0ms)
		SetupLoadedEditorAssemblies (396ms)
			LogAssemblyErrors (0ms)
			InitializePlatformSupportModulesInManaged (1ms)
			SetLoadedEditorAssemblies (2ms)
			BeforeProcessingInitializeOnLoad (91ms)
			ProcessInitializeOnLoadAttributes (229ms)
			ProcessInitializeOnLoadMethodAttributes (68ms)
			AfterProcessingInitializeOnLoad (4ms)
			EditorAssembliesLoaded (0ms)
		ExecutionOrderSort2 (0ms)
		AwakeInstancesAfterBackupRestoration (16ms)
Refreshing native plugins compatible for Editor in 0.63 ms, found 3 plugins.
Preloading 0 native plugins for Editor in 0.00 ms.
Unloading 17 Unused Serialized files (Serialized files now loaded: 0)
Unloading 6582 unused Assets / (4.4 MB). Loaded Objects now: 7530.
Memory consumption went from 169.9 MB to 165.4 MB.
Total: 9.475100 ms (FindLiveObjects: 0.821600 ms CreateObjectMapping: 0.691400 ms MarkObjects: 5.352200 ms  DeleteObjects: 2.607700 ms)

Prepare: number of updated asset objects reloaded= 0
Editor requested this worker to shutdown with reason: Scaling down because of idle timeout
AssetImportWorker is now disconnected from the server
Process exiting
Exiting without the bug reporter. Application will terminate with return code 0