[Licensing::Module] Trying to connect to existing licensing client channel...
Built from '6000.3/staging' branch; Version is '6000.3.11f1 (3000ef702840) revision 3145967'; Using compiler version '194234433'; Build Type 'Release'
[Licensing::IpcConnector] Successfully connected to: "LicenseClient-Nikola" at "2026-05-11T06:47:52.5417422Z"
OS: 'Windows 11  (10.0.26200) Professional' Language: 'de' Physical Memory: 32042 MB
BatchMode: 1, IsHumanControllingUs: 0, StartBugReporterOnCrash: 0, Is64bit: 1
System  architecture: x64
Process architecture: x64
Date: 2026-05-11T06:47:52Z

COMMAND LINE ARGUMENTS:
C:\Program Files\Unity\Hub\Editor\6000.3.11f1\Editor\Unity.exe
-adb2
-batchMode
-noUpm
-name
AssetImportWorker5
-projectPath
C:/Users/Nikola/Documents/Creative Coding/11052026/CreativeCoding
-logFile
Logs/AssetImportWorker5.log
-srvPort
56035
-licensingIpc
LicenseClient-Nikola
-job-worker-count
7
-background-job-worker-count
8
-gc-helper-count
1
-name
AssetImport
Successfully changed project path to: C:/Users/Nikola/Documents/Creative Coding/11052026/CreativeCoding
C:/Users/Nikola/Documents/Creative Coding/11052026/CreativeCoding
[UnityMemory] Configuration Parameters - Can be set up in boot.config
    "memorysetup-temp-allocator-size-nav-mesh-worker=65536"
    "memorysetup-temp-allocator-size-audio-worker=65536"
    "memorysetup-temp-allocator-size-gfx=262144"
    "memorysetup-allocator-temp-initial-block-size-main=262144"
    "memorysetup-allocator-temp-initial-block-size-worker=262144"
    "memorysetup-temp-allocator-size-background-worker=32768"
    "memorysetup-temp-allocator-size-job-worker=262144"
    "memorysetup-temp-allocator-size-preload-manager=33554432"
    "memorysetup-temp-allocator-size-gi-baking-worker=262144"
    "memorysetup-temp-allocator-size-gi-baking-worker=262144"
    "memorysetup-temp-allocator-size-gi-baking-worker=262144"
    "memorysetup-temp-allocator-size-gi-baking-worker=262144"
    "memorysetup-temp-allocator-size-gi-baking-worker=262144"
    "memorysetup-bucket-allocator-granularity=16"
    "memorysetup-bucket-allocator-bucket-count=8"
    "memorysetup-bucket-allocator-block-size=33554432"
    "memorysetup-bucket-allocator-block-count=8"
    "memorysetup-main-allocator-block-size=16777216"
    "memorysetup-thread-allocator-block-size=16777216"
    "memorysetup-gfx-main-allocator-block-size=16777216"
    "memorysetup-gfx-thread-allocator-block-size=16777216"
    "memorysetup-cache-allocator-block-size=4194304"
    "memorysetup-typetree-allocator-block-size=2097152"
    "memorysetup-profiler-bucket-allocator-granularity=16"
    "memorysetup-profiler-bucket-allocator-bucket-count=8"
    "memorysetup-profiler-bucket-allocator-block-size=33554432"
    "memorysetup-profiler-bucket-allocator-block-count=8"
    "memorysetup-profiler-allocator-block-size=16777216"
    "memorysetup-profiler-editor-allocator-block-size=1048576"
    "memorysetup-temp-allocator-size-main=16777216"
    "memorysetup-job-temp-allocator-block-size=2097152"
    "memorysetup-job-temp-allocator-block-size-background=1048576"
    "memorysetup-job-temp-allocator-reduction-small-platforms=262144"
    "memorysetup-temp-allocator-size-cloud-worker=32768"
Player connection [4452]  Target information:

Player connection [4452]  * "[IP] 192.168.178.90 [Port] 0 [Flags] 2 [Guid] 4232933159 [EditorId] 4232933159 [Version] 1048832 [Id] WindowsEditor(7,Nikolas-Laptop) [Debug] 1 [PackageName] WindowsEditor [ProjectName] Editor" 

Player connection [4452] Host joined multi-casting on [225.0.0.222:54997]...
Player connection [4452] Host joined alternative multi-casting on [225.0.0.222:34997]...
JobSystem: Creating JobQueue using job-worker-count value 7
Input System module state changed to: Initialized.
[Physics::Module] Initialized fallback backend.
[Physics::Module] Id: 0xdecafbad
Library Redirect Path: Library/
[Physics::Module] Selected backend.
[Physics::Module] Name: PhysX
[Physics::Module] Id: 0xf2b8ea05
[Physics::Module] SDK Version: 4.1.2
[Physics::Module] Integration Version: 1.0.0
[Physics::Module] Threading Mode: Multi-Threaded
Refreshing native plugins compatible for Editor in 2.10 ms, found 3 plugins.
Preloading 0 native plugins for Editor in 0.00 ms.
Initialize engine version: 6000.3.11f1 (3000ef702840)
[Subsystems] Discovering subsystems at path C:/Program Files/Unity/Hub/Editor/6000.3.11f1/Editor/Data/Resources/UnitySubsystems
[Subsystems] Discovering subsystems at path C:/Users/Nikola/Documents/Creative Coding/11052026/CreativeCoding/Assets
GfxDevice: creating device client; kGfxThreadingModeNonThreaded
Direct3D:
    Version:  Direct3D 11.0 [level 11.1]
    Renderer: NVIDIA GeForce RTX 5060 Laptop GPU (ID=0x2d19)
    Vendor:   NVIDIA
    VRAM:     7899 MB
    Driver:   32.0.15.9579
Initialize mono
Mono path[0] = 'C:/Program Files/Unity/Hub/Editor/6000.3.11f1/Editor/Data/Managed'
Mono path[1] = 'C:/Program Files/Unity/Hub/Editor/6000.3.11f1/Editor/Data/MonoBleedingEdge/lib/mono/unityjit-win32'
Mono config path = 'C:/Program Files/Unity/Hub/Editor/6000.3.11f1/Editor/Data/MonoBleedingEdge/etc'
Using monoOptions --debugger-agent=transport=dt_socket,embedding=1,server=y,suspend=n,address=127.0.0.1:56784
Begin MonoManager ReloadAssembly
Registering precompiled unity dll's ...
Register platform support module: C:/Program Files/Unity/Hub/Editor/6000.3.11f1/Editor/Data/PlaybackEngines/WindowsStandaloneSupport/UnityEditor.WindowsStandalone.Extensions.dll
Registered in 0.001328 seconds.
[Licensing::Client] Error: HandshakeResponse reported an error:
	ResponseCode: 505
	ResponseStatus: Unsupported protocol version '1.18.0'.
[Licensing::Module] Error: Failed to handshake to channel: "LicenseClient-Nikola"
[Licensing::IpcConnector] LicenseClient-Nikola channel disconnected successfully.
[Licensing::IpcConnector] Successfully connected to: "LicenseClient-Nikola-6000.3.11" at "2026-05-11T06:47:53.5389151Z"
- Loaded All Assemblies, in  0.397 seconds
Native extension for WindowsStandalone target not found
[Licensing::Client] Handshaking with LicensingClient:
  Version:                 1.18.0+23225a6
  Session Id:              ba3d9c04b9964f4ca7eeccb72b451d1e
  Correlation Id:          9313318863e2429d0aa54778d80b2d45
  External correlation Id: 4339019536521376158
  Machine Id:              hEQ4UhtXua1BeSNr73cKj66ktzE=
[Licensing::Module] Successfully connected to LicensingClient on channel: "LicenseClient-Nikola-6000.3.11" (connect: 0.00s, validation: 0.00s, handshake: 0.10s)
[Licensing::IpcConnector] Successfully connected to: "LicenseClient-Nikola-6000.3.11-notifications" at "2026-05-11T06:47:53.642759Z"
[Licensing::Module] Licensing Background thread has ended after 1.10s
Package Manager log level set to [2]
[Package Manager] Failed to launch server process. Reason: Unity was launched with the -noUpm command-line argument
[Package Manager] Unable to send message (not connected to server process).
[Package Manager] Cannot connect to Unity Package Manager local server
ScheduleIndexationOnStartup MainProcess:False IndexOnStartup:True
Mono: successfully reloaded assembly
- Finished resetting the current domain, in  0.358 seconds
Domain Reload Profiling: 753ms
	BeginReloadAssembly (119ms)
		ExecutionOrderSort (0ms)
		DisableScriptedObjects (0ms)
		BackupInstance (0ms)
		ReleaseScriptingObjects (0ms)
		CreateAndSetChildDomain (1ms)
	RebuildCommonClasses (35ms)
	RebuildNativeTypeToScriptingClass (13ms)
	initialDomainReloadingComplete (41ms)
	LoadAllAssembliesAndSetupDomain (187ms)
		LoadAssemblies (117ms)
		RebuildTransferFunctionScriptingTraits (0ms)
		AnalyzeDomain (185ms)
			TypeCache.Refresh (182ms)
				TypeCache.ScanAssembly (166ms)
			BuildScriptInfoCaches (0ms)
			ResolveRequiredComponents (1ms)
	FinalizeReload (358ms)
		ReleaseScriptCaches (0ms)
		RebuildScriptCaches (0ms)
		SetupLoadedEditorAssemblies (301ms)
			LogAssemblyErrors (0ms)
			InitializePlatformSupportModulesInManaged (44ms)
			SetLoadedEditorAssemblies (4ms)
			BeforeProcessingInitializeOnLoad (71ms)
			ProcessInitializeOnLoadAttributes (111ms)
			ProcessInitializeOnLoadMethodAttributes (72ms)
			AfterProcessingInitializeOnLoad (0ms)
			EditorAssembliesLoaded (0ms)
		ExecutionOrderSort2 (0ms)
		AwakeInstancesAfterBackupRestoration (0ms)
========================================================================
Worker process is ready to serve import requests
Import Worker Mode flag is 0x00
Begin MonoManager ReloadAssembly
[Licensing::Client] Successfully resolved entitlement details
[Licensing::Module] License group:
  Id: 9072318219210-UnityPersXXXX
  Product: Unity Personal
  Type: Assigned
  Expiration: Unlimited
- Loaded All Assemblies, in  0.744 seconds
Refreshing native plugins compatible for Editor in 0.43 ms, found 3 plugins.
Native extension for WindowsStandalone target not found
[Package Manager] Failed to launch server process. Reason: Unity was launched with the -noUpm command-line argument
[Package Manager] Unable to send message (not connected to server process).
[Package Manager] Cannot connect to Unity Package Manager local server
[Package Manager] Failed to launch server process. Reason: Unity was launched with the -noUpm command-line argument
[Package Manager] Unable to send message (not connected to server process).
[Package Manager] Cannot connect to Unity Package Manager local server
[MODES] ModeService[none].Initialize
[MODES] ModeService[none].LoadModes
[MODES] Loading mode Default (0) for mode-current-id-Factory Flow
ScheduleIndexationOnStartup MainProcess:False IndexOnStartup:True
Mono: successfully reloaded assembly
- Finished resetting the current domain, in  0.707 seconds
Domain Reload Profiling: 1448ms
	BeginReloadAssembly (156ms)
		ExecutionOrderSort (0ms)
		DisableScriptedObjects (4ms)
		BackupInstance (0ms)
		ReleaseScriptingObjects (0ms)
		CreateAndSetChildDomain (36ms)
	RebuildCommonClasses (31ms)
	RebuildNativeTypeToScriptingClass (10ms)
	initialDomainReloadingComplete (31ms)
	LoadAllAssembliesAndSetupDomain (514ms)
		LoadAssemblies (334ms)
		RebuildTransferFunctionScriptingTraits (0ms)
		AnalyzeDomain (256ms)
			TypeCache.Refresh (174ms)
				TypeCache.ScanAssembly (161ms)
			BuildScriptInfoCaches (69ms)
			ResolveRequiredComponents (8ms)
	FinalizeReload (708ms)
		ReleaseScriptCaches (0ms)
		RebuildScriptCaches (0ms)
		SetupLoadedEditorAssemblies (526ms)
			LogAssemblyErrors (0ms)
			InitializePlatformSupportModulesInManaged (2ms)
			SetLoadedEditorAssemblies (3ms)
			BeforeProcessingInitializeOnLoad (122ms)
			ProcessInitializeOnLoadAttributes (308ms)
			ProcessInitializeOnLoadMethodAttributes (87ms)
			AfterProcessingInitializeOnLoad (3ms)
			EditorAssembliesLoaded (0ms)
		ExecutionOrderSort2 (0ms)
		AwakeInstancesAfterBackupRestoration (5ms)
Launched and connected shader compiler UnityShaderCompiler.exe after 0.01 seconds
Refreshing native plugins compatible for Editor in 0.75 ms, found 3 plugins.
Preloading 0 native plugins for Editor in 0.00 ms.
Unloading 17 Unused Serialized files (Serialized files now loaded: 0)
Unloading 6583 unused Assets / (4.5 MB). Loaded Objects now: 7418.
Memory consumption went from 155.0 MB to 150.5 MB.
Total: 11.674000 ms (FindLiveObjects: 1.210600 ms CreateObjectMapping: 1.374400 ms MarkObjects: 6.150000 ms  DeleteObjects: 2.936600 ms)

========================================================================
Received Import Request.
  Time since last request: 2833.179182 seconds.
  path: Assets/Models/Carton_03.fbx
  artifactKey: Guid(64519c9e282db42468e7afd49e899b13) Importer(815301076,1909f56bfc062723c751e8b465ee728b)
Start importing Assets/Models/Carton_03.fbx using Guid(64519c9e282db42468e7afd49e899b13) Importer(815301076,1909f56bfc062723c751e8b465ee728b) (PreviewImporter) -> (artifact id: '165efffc6870327381322cbaa9d3e128') in 0.5153228 seconds
Number of updated asset objects reloaded before import = 0Number of asset objects unloaded after import = 7

========================================================================
Received Import Request.
  Time since last request: 0.000032 seconds.
  path: Assets/Models/Wall.prefab
  artifactKey: Guid(9b6f641cf4d425747a2c043eaee6916b) Importer(815301076,1909f56bfc062723c751e8b465ee728b)
Start importing Assets/Models/Wall.prefab using Guid(9b6f641cf4d425747a2c043eaee6916b) Importer(815301076,1909f56bfc062723c751e8b465ee728b) (PreviewImporter) -> (artifact id: '81863f958a947391a6e60c541cc375f7') in 2.1451781 seconds
Number of updated asset objects reloaded before import = 0Number of asset objects unloaded after import = 9

========================================================================
Received Import Request.
  Time since last request: 0.000041 seconds.
  path: Assets/Models/Carton_02.fbx
  artifactKey: Guid(ec9ff60d56e1ca44db9cbb67d4b142c6) Importer(815301076,1909f56bfc062723c751e8b465ee728b)
Start importing Assets/Models/Carton_02.fbx using Guid(ec9ff60d56e1ca44db9cbb67d4b142c6) Importer(815301076,1909f56bfc062723c751e8b465ee728b) (PreviewImporter) -> (artifact id: '1f7ec1edca54cc59aacf73f0aaebf0bb') in 0.0251586 seconds
Number of updated asset objects reloaded before import = 0Number of asset objects unloaded after import = 7

========================================================================
Received Import Request.
  Time since last request: 0.000037 seconds.
  path: Assets/Models/Barrier.prefab
  artifactKey: Guid(df9a8d94de14f974eba482b719b1f7f9) Importer(815301076,1909f56bfc062723c751e8b465ee728b)
Start importing Assets/Models/Barrier.prefab using Guid(df9a8d94de14f974eba482b719b1f7f9) Importer(815301076,1909f56bfc062723c751e8b465ee728b) (PreviewImporter) -> (artifact id: 'f8aebd7a27f34a467b6e2bb73d7c941b') in 0.0255335 seconds
Number of updated asset objects reloaded before import = 0Number of asset objects unloaded after import = 9

========================================================================
Received Import Request.
  Time since last request: 0.000037 seconds.
  path: Assets/Models/Forklift.fbx
  artifactKey: Guid(d14042fb86936a94197f2e8cda269c65) Importer(815301076,1909f56bfc062723c751e8b465ee728b)
Start importing Assets/Models/Forklift.fbx using Guid(d14042fb86936a94197f2e8cda269c65) Importer(815301076,1909f56bfc062723c751e8b465ee728b) (PreviewImporter) -> (artifact id: '48c7817f10d2206610e9b46b0d8d20cf') in 0.0932718 seconds
Number of updated asset objects reloaded before import = 0Number of asset objects unloaded after import = 37

========================================================================
Received Import Request.
  Time since last request: 0.000051 seconds.
  path: Assets/Models/stout woman a.prefab
  artifactKey: Guid(94e78e2feccd9d34387a5424c6414d13) Importer(815301076,1909f56bfc062723c751e8b465ee728b)
Start importing Assets/Models/stout woman a.prefab using Guid(94e78e2feccd9d34387a5424c6414d13) Importer(815301076,1909f56bfc062723c751e8b465ee728b) (PreviewImporter) -> (artifact id: '9c4a99c2acd5e34d085abce4edf05fe2') in 0.0229163 seconds
Number of updated asset objects reloaded before import = 0Number of asset objects unloaded after import = 126

========================================================================
Received Import Request.
  Time since last request: 0.000051 seconds.
  path: Assets/Models/PaletteWooden.prefab
  artifactKey: Guid(6656dcc5f01119848861032461b5aaf3) Importer(815301076,1909f56bfc062723c751e8b465ee728b)
Start importing Assets/Models/PaletteWooden.prefab using Guid(6656dcc5f01119848861032461b5aaf3) Importer(815301076,1909f56bfc062723c751e8b465ee728b) (PreviewImporter) -> (artifact id: '5af30244b5c194de08a0831f713e64d4') in 0.0203253 seconds
Number of updated asset objects reloaded before import = 0Number of asset objects unloaded after import = 9

========================================================================
Received Import Request.
  Time since last request: 0.000032 seconds.
  path: Assets/Models/Box 1.prefab
  artifactKey: Guid(3e0a63c7a79f71d4c91b3b84b425f00a) Importer(815301076,1909f56bfc062723c751e8b465ee728b)
Start importing Assets/Models/Box 1.prefab using Guid(3e0a63c7a79f71d4c91b3b84b425f00a) Importer(815301076,1909f56bfc062723c751e8b465ee728b) (PreviewImporter) -> (artifact id: 'e7732690119cafc6e02ad08d8930eae8') in 0.0213391 seconds
Number of updated asset objects reloaded before import = 0Number of asset objects unloaded after import = 10

========================================================================
Received Import Request.
  Time since last request: 0.000043 seconds.
  path: Assets/Models/Machn_2.prefab
  artifactKey: Guid(6b03a4b90ae5d5942907e925787d3465) Importer(815301076,1909f56bfc062723c751e8b465ee728b)
Start importing Assets/Models/Machn_2.prefab using Guid(6b03a4b90ae5d5942907e925787d3465) Importer(815301076,1909f56bfc062723c751e8b465ee728b) (PreviewImporter) -> (artifact id: 'e02ba8b90a521023f4f5805273c2858a') in 0.0232169 seconds
Number of updated asset objects reloaded before import = 0Number of asset objects unloaded after import = 53

========================================================================
Received Import Request.
  Time since last request: 0.000032 seconds.
  path: Assets/Models/Cosmic_Retro_Computer2_18.fbx
  artifactKey: Guid(fd9d4a604ab4444438d8a91913bd3ad7) Importer(815301076,1909f56bfc062723c751e8b465ee728b)
Start importing Assets/Models/Cosmic_Retro_Computer2_18.fbx using Guid(fd9d4a604ab4444438d8a91913bd3ad7) Importer(815301076,1909f56bfc062723c751e8b465ee728b) (PreviewImporter) -> (artifact id: '942e7754bf677106674599f17ae1f075') in 1.5951838 seconds
Number of updated asset objects reloaded before import = 0Number of asset objects unloaded after import = 28

========================================================================
Received Import Request.
  Time since last request: 29.395935 seconds.
  path: Assets/Imported Stuff/DavidJalbert/LowPolyPeople/FBX/normal-woman-a.fbx
  artifactKey: Guid(9cb6519e2b32c2344bb30ac086e5243d) Importer(815301076,1909f56bfc062723c751e8b465ee728b)
Start importing Assets/Imported Stuff/DavidJalbert/LowPolyPeople/FBX/normal-woman-a.fbx using Guid(9cb6519e2b32c2344bb30ac086e5243d) Importer(815301076,1909f56bfc062723c751e8b465ee728b) (PreviewImporter) -> (artifact id: '69884bfa716121463145c79a24a5c95b') in 0.0900301 seconds
Number of updated asset objects reloaded before import = 0Number of asset objects unloaded after import = 62

========================================================================
Received Import Request.
  Time since last request: 0.000026 seconds.
  path: Assets/Imported Stuff/DavidJalbert/LowPolyPeople/FBX/strong-man-a.fbx
  artifactKey: Guid(e333cda59afd1344aaa3c889c47776e4) Importer(815301076,1909f56bfc062723c751e8b465ee728b)
Start importing Assets/Imported Stuff/DavidJalbert/LowPolyPeople/FBX/strong-man-a.fbx using Guid(e333cda59afd1344aaa3c889c47776e4) Importer(815301076,1909f56bfc062723c751e8b465ee728b) (PreviewImporter) -> (artifact id: '2ee590fad621afed48bc53b4f0ef37df') in 0.0563736 seconds
Number of updated asset objects reloaded before import = 0Number of asset objects unloaded after import = 62

========================================================================
Received Import Request.
  Time since last request: 0.000037 seconds.
  path: Assets/Imported Stuff/DavidJalbert/LowPolyPeople/FBX/strong-man-c.fbx
  artifactKey: Guid(63013d26f33557a41b6ca1dda069b741) Importer(815301076,1909f56bfc062723c751e8b465ee728b)
Start importing Assets/Imported Stuff/DavidJalbert/LowPolyPeople/FBX/strong-man-c.fbx using Guid(63013d26f33557a41b6ca1dda069b741) Importer(815301076,1909f56bfc062723c751e8b465ee728b) (PreviewImporter) -> (artifact id: '8fe01b71b7f9dd3d7cac384af986f00e') in 0.0414134 seconds
Number of updated asset objects reloaded before import = 0Number of asset objects unloaded after import = 62

========================================================================
Received Import Request.
  Time since last request: 0.000027 seconds.
  path: Assets/Imported Stuff/DavidJalbert/LowPolyPeople/FBX/stout-woman-b.fbx
  artifactKey: Guid(b9e7a7355c011594b9c66a6c571b9283) Importer(815301076,1909f56bfc062723c751e8b465ee728b)
Start importing Assets/Imported Stuff/DavidJalbert/LowPolyPeople/FBX/stout-woman-b.fbx using Guid(b9e7a7355c011594b9c66a6c571b9283) Importer(815301076,1909f56bfc062723c751e8b465ee728b) (PreviewImporter) -> (artifact id: '821aa5c543f89cf9a1c55648b59b1298') in 0.0253189 seconds
Number of updated asset objects reloaded before import = 0Number of asset objects unloaded after import = 62

========================================================================
Received Import Request.
  Time since last request: 35.110464 seconds.
  path: Assets/Material/M_ColorPalette.mat
  artifactKey: Guid(05d76758d32e57c4fb8fc7a6c26f4e1e) Importer(815301076,1909f56bfc062723c751e8b465ee728b)
Start importing Assets/Material/M_ColorPalette.mat using Guid(05d76758d32e57c4fb8fc7a6c26f4e1e) Importer(815301076,1909f56bfc062723c751e8b465ee728b) (PreviewImporter) -> (artifact id: '5e2c88817cf6ef8fd4b5265eb9e98275') in 0.0325375 seconds
Number of updated asset objects reloaded before import = 0Number of asset objects unloaded after import = 2

========================================================================
Received Import Request.
  Time since last request: 0.000035 seconds.
  path: Assets/Material/palette7.mat
  artifactKey: Guid(e44b324b14b237c40aba22cbaec87c59) Importer(815301076,1909f56bfc062723c751e8b465ee728b)
Start importing Assets/Material/palette7.mat using Guid(e44b324b14b237c40aba22cbaec87c59) Importer(815301076,1909f56bfc062723c751e8b465ee728b) (PreviewImporter) -> (artifact id: '505fd7cc14ae92b42c0a68663583224b') in 0.0188012 seconds
Number of updated asset objects reloaded before import = 0Number of asset objects unloaded after import = 2

========================================================================
Received Import Request.
  Time since last request: 0.000025 seconds.
  path: Assets/Material/Robotic Arm.mat
  artifactKey: Guid(6cc350e4869d79d4eb46e96cf58a9327) Importer(815301076,1909f56bfc062723c751e8b465ee728b)
Start importing Assets/Material/Robotic Arm.mat using Guid(6cc350e4869d79d4eb46e96cf58a9327) Importer(815301076,1909f56bfc062723c751e8b465ee728b) (PreviewImporter) -> (artifact id: 'cfd9425c402e3a84e0d1fad21e8be7de') in 0.019062 seconds
Number of updated asset objects reloaded before import = 0Number of asset objects unloaded after import = 1

========================================================================
Received Import Request.
  Time since last request: 0.000036 seconds.
  path: Assets/Material/Tile 1.mat
  artifactKey: Guid(c5c05baae26de204c83702164d57a6bb) Importer(815301076,1909f56bfc062723c751e8b465ee728b)
Start importing Assets/Material/Tile 1.mat using Guid(c5c05baae26de204c83702164d57a6bb) Importer(815301076,1909f56bfc062723c751e8b465ee728b) (PreviewImporter) -> (artifact id: '6d7c549801bd274e6a9b0e6465ed76fb') in 0.0232184 seconds
Number of updated asset objects reloaded before import = 0Number of asset objects unloaded after import = 2

========================================================================
Received Import Request.
  Time since last request: 0.000033 seconds.
  path: Assets/Material/M_Ground.mat
  artifactKey: Guid(1cae5dd50f0911c449b61d83c6d277eb) Importer(815301076,1909f56bfc062723c751e8b465ee728b)
Start importing Assets/Material/M_Ground.mat using Guid(1cae5dd50f0911c449b61d83c6d277eb) Importer(815301076,1909f56bfc062723c751e8b465ee728b) (PreviewImporter) -> (artifact id: 'c5f99e701a6b6dc625e1187dba082aed') in 1.7834467 seconds
Number of updated asset objects reloaded before import = 0Number of asset objects unloaded after import = 2

========================================================================
Received Import Request.
  Time since last request: 6.835846 seconds.
  path: Assets/Textures/EK_Palette.png
  artifactKey: Guid(0a9dbd8a59a21f648afadb53c1985fd0) Importer(815301076,1909f56bfc062723c751e8b465ee728b)
Start importing Assets/Textures/EK_Palette.png using Guid(0a9dbd8a59a21f648afadb53c1985fd0) Importer(815301076,1909f56bfc062723c751e8b465ee728b) (PreviewImporter) -> (artifact id: '2a8e7cf7b026c0ba17115cc736573cf3') in 0.0400483 seconds
Number of updated asset objects reloaded before import = 0Number of asset objects unloaded after import = 3

========================================================================
Received Import Request.
  Time since last request: 0.000021 seconds.
  path: Assets/Textures/Texture.tga
  artifactKey: Guid(77b66c6f9a7ae4741a4065da08bb6736) Importer(815301076,1909f56bfc062723c751e8b465ee728b)
Start importing Assets/Textures/Texture.tga using Guid(77b66c6f9a7ae4741a4065da08bb6736) Importer(815301076,1909f56bfc062723c751e8b465ee728b) (PreviewImporter) -> (artifact id: '428b8f36503db3f7e8bb283235384126') in 0.0234571 seconds
Number of updated asset objects reloaded before import = 0Number of asset objects unloaded after import = 3

========================================================================
Received Import Request.
  Time since last request: 0.000028 seconds.
  path: Assets/Textures/palette8.png
  artifactKey: Guid(8ff0119964e079b44a42b7a0b9a89800) Importer(815301076,1909f56bfc062723c751e8b465ee728b)
Start importing Assets/Textures/palette8.png using Guid(8ff0119964e079b44a42b7a0b9a89800) Importer(815301076,1909f56bfc062723c751e8b465ee728b) (PreviewImporter) -> (artifact id: 'f17da7d7512cc4aa7b9a5395ce76d974') in 0.0161449 seconds
Number of updated asset objects reloaded before import = 0Number of asset objects unloaded after import = 2

========================================================================
Received Import Request.
  Time since last request: 0.000042 seconds.
  path: Assets/Textures/palette1.png
  artifactKey: Guid(6e5fe2e8aa76b804d8454a6b80be6830) Importer(815301076,1909f56bfc062723c751e8b465ee728b)
Start importing Assets/Textures/palette1.png using Guid(6e5fe2e8aa76b804d8454a6b80be6830) Importer(815301076,1909f56bfc062723c751e8b465ee728b) (PreviewImporter) -> (artifact id: '8a4ad048920eba0f6ec005c46ecfc417') in 0.0147495 seconds
Number of updated asset objects reloaded before import = 0Number of asset objects unloaded after import = 2

========================================================================
Received Prepare
Begin MonoManager ReloadAssembly
[Licensing::Client] Successfully resolved entitlement details
- Loaded All Assemblies, in  0.589 seconds
Refreshing native plugins compatible for Editor in 0.43 ms, found 3 plugins.
Native extension for WindowsStandalone target not found
[Package Manager] Failed to launch server process. Reason: Unity was launched with the -noUpm command-line argument
[Package Manager] Unable to send message (not connected to server process).
[Package Manager] Cannot connect to Unity Package Manager local server
[Package Manager] Failed to launch server process. Reason: Unity was launched with the -noUpm command-line argument
[Package Manager] Unable to send message (not connected to server process).
[Package Manager] Cannot connect to Unity Package Manager local server
[MODES] ModeService[none].Initialize
[MODES] ModeService[none].LoadModes
ScheduleIndexationOnStartup MainProcess:False IndexOnStartup:True
Mono: successfully reloaded assembly
- Finished resetting the current domain, in  0.541 seconds
Domain Reload Profiling: 1131ms
	BeginReloadAssembly (186ms)
		ExecutionOrderSort (0ms)
		DisableScriptedObjects (23ms)
		BackupInstance (0ms)
		ReleaseScriptingObjects (0ms)
		CreateAndSetChildDomain (55ms)
	RebuildCommonClasses (28ms)
	RebuildNativeTypeToScriptingClass (9ms)
	initialDomainReloadingComplete (19ms)
	LoadAllAssembliesAndSetupDomain (347ms)
		LoadAssemblies (248ms)
		RebuildTransferFunctionScriptingTraits (0ms)
		AnalyzeDomain (160ms)
			TypeCache.Refresh (6ms)
				TypeCache.ScanAssembly (0ms)
			BuildScriptInfoCaches (143ms)
			ResolveRequiredComponents (7ms)
	FinalizeReload (541ms)
		ReleaseScriptCaches (0ms)
		RebuildScriptCaches (0ms)
		SetupLoadedEditorAssemblies (417ms)
			LogAssemblyErrors (0ms)
			InitializePlatformSupportModulesInManaged (1ms)
			SetLoadedEditorAssemblies (2ms)
			BeforeProcessingInitializeOnLoad (92ms)
			ProcessInitializeOnLoadAttributes (248ms)
			ProcessInitializeOnLoadMethodAttributes (70ms)
			AfterProcessingInitializeOnLoad (3ms)
			EditorAssembliesLoaded (0ms)
		ExecutionOrderSort2 (0ms)
		AwakeInstancesAfterBackupRestoration (14ms)
Refreshing native plugins compatible for Editor in 0.55 ms, found 3 plugins.
Preloading 0 native plugins for Editor in 0.00 ms.
Unloading 17 Unused Serialized files (Serialized files now loaded: 0)
Unloading 6582 unused Assets / (4.4 MB). Loaded Objects now: 7508.
Memory consumption went from 169.6 MB to 165.2 MB.
Total: 8.726400 ms (FindLiveObjects: 0.787900 ms CreateObjectMapping: 0.621400 ms MarkObjects: 4.885300 ms  DeleteObjects: 2.430000 ms)

Prepare: number of updated asset objects reloaded= 0
Editor requested this worker to shutdown with reason: Scaling down because of idle timeout
AssetImportWorker is now disconnected from the server
Process exiting
Exiting without the bug reporter. Application will terminate with return code 0